=\pretest.json 
{
  _: [],
  f: [
    'c:\\Users\\Shraddha\\Documents\\Developers\\anshu\\exp-metal-semiconductor-junctions-iiith\\experiment\\pretest.json'
  ],
  files: [
    'c:\\Users\\Shraddha\\Documents\\Developers\\anshu\\exp-metal-semiconductor-junctions-iiith\\experiment\\pretest.json'
  ],
  c: 'assessment',
  contentTypes: 'assessment',
  'content-types': 'assessment',
  '$0': 'validate'
}
Validated true
=\posttest.json 
{
  _: [],
  f: [
    'c:\\Users\\Shraddha\\Documents\\Developers\\anshu\\exp-metal-semiconductor-junctions-iiith\\experiment\\posttest.json'
  ],
  files: [
    'c:\\Users\\Shraddha\\Documents\\Developers\\anshu\\exp-metal-semiconductor-junctions-iiith\\experiment\\posttest.json'
  ],
  c: 'assessment',
  contentTypes: 'assessment',
  'content-types': 'assessment',
  '$0': 'validate'
}
/questions/0/difficulty: Difficulty can only be: beginner, intermediate or advanced

/questions/1/difficulty: Difficulty can only be: beginner, intermediate or advanced

/questions/2/difficulty: Difficulty can only be: beginner, intermediate or advanced

/questions/3/difficulty: Difficulty can only be: beginner, intermediate or advanced

/questions/4/difficulty: Difficulty can only be: beginner, intermediate or advanced

/questions/5/difficulty: Difficulty can only be: beginner, intermediate or advanced

Json Error: must match "then" schema
Json Error: must match "then" schema
Failed while validating c:\Users\Shraddha\Documents\Developers\anshu\exp-metal-semiconductor-junctions-iiith\experiment\posttest.json
Error: Schema is Invalid
